This is pdfTeX, Version 3.14159265-2.6-1.40.17 (TeX Live 2016) (preloaded format=pdflatex 2016.5.22)  6 JUL 2016 10:54
entering extended mode
 restricted \write18 enabled.
 file:line:error style messages enabled.
 %&-line parsing enabled.
**Crop_adaptation_gene_flow_gj_outline_shortened.tex
(./Crop_adaptation_gene_flow_gj_outline_shortened.tex
LaTeX2e <2016/03/31>
Babel <3.9r> and hyphenation patterns for 83 language(s) loaded.
(/usr/local/texlive/2016/texmf-dist/tex/latex/base/article.cls
Document Class: article 2014/09/29 v1.4h Standard LaTeX document class
(/usr/local/texlive/2016/texmf-dist/tex/latex/base/size11.clo
File: size11.clo 2014/09/29 v1.4h Standard LaTeX file (size option)
)
\c@part=\count79
\c@section=\count80
\c@subsection=\count81
\c@subsubsection=\count82
\c@paragraph=\count83
\c@subparagraph=\count84
\c@figure=\count85
\c@table=\count86
\abovecaptionskip=\skip41
\belowcaptionskip=\skip42
\bibindent=\dimen102
) (/usr/local/texlive/2016/texmf-dist/tex/latex/graphics/color.sty
Package: color 2016/05/09 v1.1c Standard LaTeX Color (DPC)
 (/usr/local/texlive/2016/texmf-dist/tex/latex/graphics-cfg/color.cfg
File: color.cfg 2016/01/02 v1.6 sample color configuration
)
Package color Info: Driver file: pdftex.def on input line 144.
 (/usr/local/texlive/2016/texmf-dist/tex/latex/pdftex-def/pdftex.def
File: pdftex.def 2011/05/27 v0.06d Graphics/color for pdfTeX
 (/usr/local/texlive/2016/texmf-dist/tex/generic/oberdiek/infwarerr.sty
Package: infwarerr 2016/05/16 v1.4 Providing info/warning/error messages (HO)
) (/usr/local/texlive/2016/texmf-dist/tex/generic/oberdiek/ltxcmds.sty
Package: ltxcmds 2016/05/16 v1.23 LaTeX kernel commands for general use (HO)
)
\Gread@gobject=\count87
)) (/usr/local/texlive/2016/texmf-dist/tex/latex/preprint/authblk.sty
Package: authblk 2001/02/27 1.3 (PWD)
\affilsep=\skip43
\@affilsep=\skip44
\c@Maxaffil=\count88
\c@authors=\count89
\c@affil=\count90
) (/usr/local/texlive/2016/texmf-dist/tex/latex/geometry/geometry.sty
Package: geometry 2010/09/12 v5.6 Page Geometry
 (/usr/local/texlive/2016/texmf-dist/tex/latex/graphics/keyval.sty
Package: keyval 2014/10/28 v1.15 key=value parser (DPC)
\KV@toks@=\toks14
) (/usr/local/texlive/2016/texmf-dist/tex/generic/oberdiek/ifpdf.sty
Package: ifpdf 2016/05/14 v3.1 Provides the ifpdf switch
) (/usr/local/texlive/2016/texmf-dist/tex/generic/oberdiek/ifvtex.sty
Package: ifvtex 2016/05/16 v1.6 Detect VTeX and its facilities (HO)
Package ifvtex Info: VTeX not detected.
) (/usr/local/texlive/2016/texmf-dist/tex/generic/ifxetex/ifxetex.sty
Package: ifxetex 2010/09/12 v0.6 Provides ifxetex conditional
)
\Gm@cnth=\count91
\Gm@cntv=\count92
\c@Gm@tempcnt=\count93
\Gm@bindingoffset=\dimen103
\Gm@wd@mp=\dimen104
\Gm@odd@mp=\dimen105
\Gm@even@mp=\dimen106
\Gm@layoutwidth=\dimen107
\Gm@layoutheight=\dimen108
\Gm@layouthoffset=\dimen109
\Gm@layoutvoffset=\dimen110
\Gm@dimlist=\toks15
) (/usr/local/texlive/2016/texmf-dist/tex/latex/natbib/natbib.sty
Package: natbib 2010/09/13 8.31b (PWD, AO)
\bibhang=\skip45
\bibsep=\skip46
LaTeX Info: Redefining \cite on input line 694.
\c@NAT@ctr=\count94
) (/Users/lwang/Crop_Adaptation_Gene_Flow/.texpadtmp/Crop_adaptation_gene_flow_gj_outline_shortened.aux

/Users/lwang/Crop_Adaptation_Gene_Flow/.texpadtmp/Crop_adaptation_gene_flow_gj_outline_shortened.aux:94: Package natbib Error: Bibliography not compatible with author-year citations.
(natbib)                Press <return> to continue in numerical citation style.

See the natbib package documentation for explanation.
Type  H <return>  for immediate help.
 ...                                              
                                                  
l.94 ...mand\NAT@force@numbers{}\NAT@force@numbers
                                                  
Check the bibliography entries for non-compliant syntax,
or select author-year BibTeX style, e.g. plainnat

)
\openout1 = `Crop_adaptation_gene_flow_gj_outline_shortened.aux'.

LaTeX Font Info:    Checking defaults for OML/cmm/m/it on input line 12.
LaTeX Font Info:    ... okay on input line 12.
LaTeX Font Info:    Checking defaults for T1/cmr/m/n on input line 12.
LaTeX Font Info:    ... okay on input line 12.
LaTeX Font Info:    Checking defaults for OT1/cmr/m/n on input line 12.
LaTeX Font Info:    ... okay on input line 12.
LaTeX Font Info:    Checking defaults for OMS/cmsy/m/n on input line 12.
LaTeX Font Info:    ... okay on input line 12.
LaTeX Font Info:    Checking defaults for OMX/cmex/m/n on input line 12.
LaTeX Font Info:    ... okay on input line 12.
LaTeX Font Info:    Checking defaults for U/cmr/m/n on input line 12.
LaTeX Font Info:    ... okay on input line 12.
 (/usr/local/texlive/2016/texmf-dist/tex/context/base/mkii/supp-pdf.mkii
[Loading MPS to PDF converter (version 2006.09.02).]
\scratchcounter=\count95
\scratchdimen=\dimen111
\scratchbox=\box26
\nofMPsegments=\count96
\nofMParguments=\count97
\everyMPshowfont=\toks16
\MPscratchCnt=\count98
\MPscratchDim=\dimen112
\MPnumerator=\count99
\makeMPintoPDFobject=\count100
\everyMPtoPDFconversion=\toks17
)
*geometry* driver: auto-detecting
*geometry* detected driver: pdftex
*geometry* verbose mode - [ preamble ] result:
* driver: pdftex
* paper: letterpaper
* layout: <same size as paper>
* layoutoffset:(h,v)=(0.0pt,0.0pt)
* modes: 
* h-part:(L,W,R)=(72.26999pt, 469.75502pt, 72.26999pt)
* v-part:(T,H,B)=(72.26999pt, 650.43001pt, 72.26999pt)
* \paperwidth=614.295pt
* \paperheight=794.96999pt
* \textwidth=469.75502pt
* \textheight=650.43001pt
* \oddsidemargin=0.0pt
* \evensidemargin=0.0pt
* \topmargin=-37.0pt
* \headheight=12.0pt
* \headsep=25.0pt
* \topskip=11.0pt
* \footskip=30.0pt
* \marginparwidth=59.0pt
* \marginparsep=10.0pt
* \columnsep=10.0pt
* \skip\footins=10.0pt plus 4.0pt minus 2.0pt
* \hoffset=0.0pt
* \voffset=0.0pt
* \mag=1000
* \@twocolumnfalse
* \@twosidefalse
* \@mparswitchfalse
* \@reversemarginfalse
* (1in=72.27pt=25.4mm, 1cm=28.453pt)

Runaway argument?
./Crop_adaptation_gene_flow_gj_outline_shortened.tex:21: Paragraph ended before \OT1\. was complete.
<to be read again> 
                   \par 
l.21 
     
I suspect you've forgotten a `}', causing me to apply this
control sequence to too much text. How can we recover?
My plan is to forget the whole thing and hope for the best.

./Crop_adaptation_gene_flow_gj_outline_shortened.tex:22: Missing $ inserted.
<inserted text> 
                $
l.22 From \cite{ellstrand1999gene}\:
                                    
I've inserted a begin-math/end-math symbol since I think
you left one out. Proceed, with fingers crossed.

LaTeX Font Info:    External font `cmex10' loaded for size
(Font)              <10.95> on input line 22.
LaTeX Font Info:    External font `cmex10' loaded for size
(Font)              <8> on input line 22.
LaTeX Font Info:    External font `cmex10' loaded for size
(Font)              <6> on input line 22.
./Crop_adaptation_gene_flow_gj_outline_shortened.tex:29: Missing $ inserted.
<inserted text> 
                $
l.29 
     
I've inserted a begin-math/end-math symbol since I think
you left one out. Proceed, with fingers crossed.


Overfull \hbox (1398.2723pt too wide) in paragraph at lines 22--29
[]\OT1/cmr/m/n/10.95 From ([])$ 33 \OMS/cmsy/m/n/10.95 ^^@ \OML/cmm/m/it/10.95 daniels\OT1/cmr/m/n/10.95 1987\OML/cmm/m/it/10.95 taxonomy\OT1/cmr/m/n/10.95 "\OML/cmm/m/it/10.95 geneticallybasedtraits\OT1/cmr/m/n/10.95 "\OML/cmm/m/it/10.95 evidenceforhybridoriginof\OT1/cmr/m/n/10.95 "\OML/cmm/m/it/10.95 manycultivars\OT1/cmr/m/n/10.95 ""\OML/cmm/m/it/10.95 chromosomalevidence\OT1/cmr/m/n/10.95 "\OML/cmm/m/it/10.95 supports\OT1/cmr/m/n/10.95 "\OML/cmm/m/it/10.95 spontaneousintergenerichybridization\OT1/cmr/m/n/10.95 "\OML/cmm/m/it/10.95 originof\OT1/cmr/m/n/10.95 "\OML/cmm/m/it/10.95 particularaccessionsofwildsugarcanerelatives\OT1/cmr/m/n/10.95 "\OML/cmm/m/it/10.95 ErianthusmaximusmightbeahybridofS:officinariumandMiscanthus\OT1/cmr/m/n/10.95 (\OML/cmm/m/it/10.95 awildrelativegenus\OT1/cmr/m/n/10.95 )\OML/cmm/m/it/10.95 ; basedonmorphologicalandchromosomalevidence:\OT1/cmr/m/n/10.95 104 \OMS/cmsy/m/n/10.95 ^^@
 []


Overfull \hbox (277.43712pt too wide) in paragraph at lines 22--29
\OML/cmm/m/it/10.95 roach\OT1/cmr/m/n/10.95 1995\OML/cmm/m/it/10.95 sugar\OT1/cmr/m/n/10.95 "\OML/cmm/m/it/10.95 spontaneoushybridizationbetweencultivatedandwildSaccharuminAustralasiaandislandsoftheIndianOcean\OT1/cmr/m/n/10.95 "\OML/cmm/m/it/10.95 inoriginof\OT1/cmr/m/n/10.95 "\OML/cmm/m/it/10.95 manycultivars\OT1/cmr/m/n/10.95 "$ 
 []

Runaway argument?
./Crop_adaptation_gene_flow_gj_outline_shortened.tex:46: Paragraph ended before \OT1\. was complete.
<to be read again> 
                   \par 
l.46 
     
I suspect you've forgotten a `}', causing me to apply this
control sequence to too much text. How can we recover?
My plan is to forget the whole thing and hope for the best.

[1

{/usr/local/texlive/2016/texmf-var/fonts/map/pdftex/updmap/pdftex.map}

LaTeX Warning: No \author given.

]

./Crop_adaptation_gene_flow_gj_outline_shortened.tex:57: LaTeX Error: Bad math environment delimiter.

See the LaTeX manual or LaTeX Companion for explanation.
Type  H <return>  for immediate help.
 ...                                              
                                                  
l.57 ...lifolia, for example, \cite{roa1997aflp}\)
                                                  , comparisons of single-co...
Your command was ignored.
Type  I <command> <return>  to replace it with another command,
or  <return>  to continue without it.

Runaway argument?
./Crop_adaptation_gene_flow_gj_outline_shortened.tex:60: Paragraph ended before \OT1\. was complete.
<to be read again> 
                   \par 
l.60 
     
I suspect you've forgotten a `}', causing me to apply this
control sequence to too much text. How can we recover?
My plan is to forget the whole thing and hope for the best.


Package natbib Warning: Citation `guo2010single' on page 2 undefined on input line 62.


Package natbib Warning: Citation `hymowitz1980taxonomy' on page 2 undefined on input line 64.


Package natbib Warning: Citation `keim1989restriction' on page 2 undefined on input line 66.


Package natbib Warning: Citation `guo2010single' on page 2 undefined on input line 70.


Package natbib Warning: Citation `keim1989restriction' on page 2 undefined on input line 74.

Runaway argument?
./Crop_adaptation_gene_flow_gj_outline_shortened.tex:75: Paragraph ended before \OT1\. was complete.
<to be read again> 
                   \par 
l.75 
     
I suspect you've forgotten a `}', causing me to apply this
control sequence to too much text. How can we recover?
My plan is to forget the whole thing and hope for the best.


Package natbib Warning: Citation `torres2010first' on page 2 undefined on input line 80.


Package natbib Warning: Citation `hardon1969interspecific' on page 2 undefined on input line 81.


Package natbib Warning: Citation `panella2007broadening' on page 2 undefined on input line 88.

Runaway argument?
./Crop_adaptation_gene_flow_gj_outline_shortened.tex:89: Paragraph ended before \OT1\. was complete.
<to be read again> 
                   \par 
l.89 
     
I suspect you've forgotten a `}', causing me to apply this
control sequence to too much text. How can we recover?
My plan is to forget the whole thing and hope for the best.

[2]
Runaway argument?
./Crop_adaptation_gene_flow_gj_outline_shortened.tex:95: Paragraph ended before \OT1\. was complete.
<to be read again> 
                   \par 
l.95 
     
I suspect you've forgotten a `}', causing me to apply this
control sequence to too much text. How can we recover?
My plan is to forget the whole thing and hope for the best.


Overfull \hbox (15.86797pt too wide) in paragraph at lines 98--99
\OT1/cmr/m/n/10.95 in South Amer-ica, which were sec-on-dar-ily hy-bridized upon in-tro-duc-tion ([]). [[see austin1988taxonomy
 []


Package natbib Warning: Citation `westengen2005genetic' on page 3 undefined on input line 101.

./Crop_adaptation_gene_flow_gj_outline_shortened.tex:110: Argument of \NAT@@citetp has an extra }.
<inserted text> 
                \par 
l.110 Directly found by \cite[wendel1989genetic}
                                                \:
I've run across a `}' that doesn't seem to match anything.
For example, `\def\a#1{...}' and `\a}' would produce
this error. If you simply proceed now, the `\par' that
I've just inserted will cause me to report a runaway
argument that might be the root of the problem. But if
your `}' was spurious, just type `2' and it will go away.

Runaway argument?
wendel1989genetic
./Crop_adaptation_gene_flow_gj_outline_shortened.tex:110: Paragraph ended before \NAT@@citetp was complete.
<to be read again> 
                   \par 
l.110 Directly found by \cite[wendel1989genetic}
                                                \:
I suspect you've forgotten a `}', causing me to apply this
control sequence to too much text. How can we recover?
My plan is to forget the whole thing and hope for the best.

./Crop_adaptation_gene_flow_gj_outline_shortened.tex:110: Extra }, or forgotten \endgroup.
<recently read> }
                 
l.110 Directly found by \cite[wendel1989genetic}
                                                \:
I've deleted a group-closing symbol because it seems to be
spurious, as in `$x}$'. But perhaps the } is legitimate and
you forgot something else, as in `\hbox{$x}'. In such cases
the way to recover is to insert both the forgotten and the
deleted material, e.g., by typing `I$}'.

./Crop_adaptation_gene_flow_gj_outline_shortened.tex:110: Missing $ inserted.
<inserted text> 
                $
l.110 Directly found by \cite[wendel1989genetic}\:
                                                  
I've inserted a begin-math/end-math symbol since I think
you left one out. Proceed, with fingers crossed.

./Crop_adaptation_gene_flow_gj_outline_shortened.tex:113: Missing $ inserted.
<inserted text> 
                $
l.113 
      
I've inserted a begin-math/end-math symbol since I think
you left one out. Proceed, with fingers crossed.


Overfull \hbox (470.7934pt too wide) in paragraph at lines 110--113
[]$ \OML/cmm/m/it/10.95 Bidirectionalinterspecificintrogressionbetweencultivatedandwildcottonsaccountfora\OT1/cmr/m/n/10.95 "\OML/cmm/m/it/10.95 significant\OT1/cmr/m/n/10.95 "\OML/cmm/m/it/10.95 amountofallelediversity; inbothdomesticatedspecies:Thisisnotshowntobeadaptive; though:$ 
 []


Package natbib Warning: Citation `scheffler1994opportunities' on page 3 undefined on input line 117.

Runaway argument?
./Crop_adaptation_gene_flow_gj_outline_shortened.tex:119: Paragraph ended before \OT1\. was complete.
<to be read again> 
                   \par 
l.119 
      
I suspect you've forgotten a `}', causing me to apply this
control sequence to too much text. How can we recover?
My plan is to forget the whole thing and hope for the best.


Overfull \hbox (6.01294pt too wide) in paragraph at lines 128--136
\OT1/cmr/m/n/10.95 ([]) states that nat-u-ral in-tro-gres-sion has been an im-por-tant force in sorghum evo-lu-tion. Domesticate-
 []

[3] (/Users/lwang/Crop_Adaptation_Gene_Flow/.texpadtmp/Crop_adaptation_gene_flow_gj_outline_shortened.bbl
Underfull \hbox (badness 1609) in paragraph at lines 76--79
[]\OT1/cmr/m/n/10.95 J. G. Hawkes, ``Ori-gin of solanum juzepczukii buk and s cur-tilobum juz et buk,''
 []

[4] [5])

Package natbib Warning: There were undefined citations.

[6] (/Users/lwang/Crop_Adaptation_Gene_Flow/.texpadtmp/Crop_adaptation_gene_flow_gj_outline_shortened.aux) )
(\end occurred inside a group at level 1)

### semi simple group (level 1) entered at line 110 (\begingroup)
### bottom level 
Here is how much of TeX's memory you used:
 2066 strings out of 493014
 29904 string characters out of 6133351
 96561 words of memory out of 5000000
 5631 multiletter control sequences out of 15000+600000
 8542 words of font info for 30 fonts, out of 8000000 for 9000
 1141 hyphenation exceptions out of 8191
 24i,5n,32p,505b,348s stack positions out of 5000i,500n,10000p,200000b,80000s
</usr/local/texlive/2016/texmf-dist/fonts/type1/public/amsfonts/cm/cmbx10.pfb></usr/local/texlive/2016/texmf-dist/fonts/type1/public/amsfonts/cm/cmbx12.pfb></usr/local/texlive/2016/texmf-dist/fonts/type1/public/amsfonts/cm/cmmi10.pfb></usr/local/texlive/2016/texmf-dist/fonts/type1/public/amsfonts/cm/cmr10.pfb></usr/local/texlive/2016/texmf-dist/fonts/type1/public/amsfonts/cm/cmr12.pfb></usr/local/texlive/2016/texmf-dist/fonts/type1/public/amsfonts/cm/cmr17.pfb></usr/local/texlive/2016/texmf-dist/fonts/type1/public/amsfonts/cm/cmsy10.pfb></usr/local/texlive/2016/texmf-dist/fonts/type1/public/amsfonts/cm/cmti10.pfb>
Output written on /Users/lwang/Crop_Adaptation_Gene_Flow/.texpadtmp/Crop_adaptation_gene_flow_gj_outline_shortened.pdf (6 pages, 127556 bytes).
PDF statistics:
 55 PDF objects out of 1000 (max. 8388607)
 38 compressed objects within 1 object stream
 0 named destinations out of 1000 (max. 500000)
 1 words of extra memory for PDF output out of 10000 (max. 10000000)

